{"/Users/liaowenduo/npm-packages-demo/jest-demo/src/sum.js": {"path":"/Users/liaowenduo/npm-packages-demo/jest-demo/src/sum.js","all":false,"statementMap":{"0":{"start":{"line":1,"column":0},"end":{"line":1,"column":20}},"1":{"start":{"line":2,"column":0},"end":{"line":2,"column":15}},"2":{"start":{"line":3,"column":0},"end":{"line":3,"column":1}},"3":{"start":{"line":4,"column":0},"end":{"line":4,"column":0}},"4":{"start":{"line":5,"column":0},"end":{"line":5,"column":21}}},"s":{"0":1,"1":1,"2":1,"3":1,"4":1},"branchMap":{"0":{"type":"branch","line":1,"loc":{"start":{"line":1,"column":0},"end":{"line":3,"column":1}},"locations":[{"start":{"line":1,"column":0},"end":{"line":3,"column":1}}]}},"b":{"0":[1]},"fnMap":{"0":{"name":"sum","decl":{"start":{"line":1,"column":0},"end":{"line":3,"column":1}},"loc":{"start":{"line":1,"column":0},"end":{"line":3,"column":1}},"line":1}},"f":{"0":1}}
,"/Users/liaowenduo/npm-packages-demo/jest-demo/src/expect/index.js": {"path":"/Users/liaowenduo/npm-packages-demo/jest-demo/src/expect/index.js","all":false,"statementMap":{"0":{"start":{"line":1,"column":0},"end":{"line":1,"column":18}},"1":{"start":{"line":2,"column":0},"end":{"line":2,"column":41}},"2":{"start":{"line":3,"column":0},"end":{"line":3,"column":1}}},"s":{"0":1,"1":1,"2":1},"branchMap":{"0":{"type":"branch","line":2,"loc":{"start":{"line":2,"column":23},"end":{"line":2,"column":41}},"locations":[{"start":{"line":2,"column":23},"end":{"line":2,"column":41}}]}},"b":{"0":[2]},"fnMap":{"0":{"name":"bestLaCroixFlavor","decl":{"start":{"line":2,"column":23},"end":{"line":2,"column":41}},"loc":{"start":{"line":2,"column":23},"end":{"line":2,"column":41}},"line":2}},"f":{"0":2}}
,"/Users/liaowenduo/npm-packages-demo/jest-demo/src/matchers/toBe.js": {"path":"/Users/liaowenduo/npm-packages-demo/jest-demo/src/matchers/toBe.js","all":false,"statementMap":{"0":{"start":{"line":1,"column":0},"end":{"line":1,"column":0}},"1":{"start":{"line":2,"column":0},"end":{"line":2,"column":11}},"2":{"start":{"line":3,"column":0},"end":{"line":3,"column":0}},"3":{"start":{"line":4,"column":0},"end":{"line":4,"column":1}},"4":{"start":{"line":5,"column":0},"end":{"line":5,"column":12}},"5":{"start":{"line":6,"column":0},"end":{"line":6,"column":0}},"6":{"start":{"line":7,"column":0},"end":{"line":7,"column":1}},"7":{"start":{"line":8,"column":0},"end":{"line":8,"column":13}},"8":{"start":{"line":9,"column":0},"end":{"line":9,"column":25}},"9":{"start":{"line":10,"column":0},"end":{"line":10,"column":15}},"10":{"start":{"line":11,"column":0},"end":{"line":11,"column":17}},"11":{"start":{"line":12,"column":0},"end":{"line":12,"column":14}},"12":{"start":{"line":13,"column":0},"end":{"line":13,"column":16}},"13":{"start":{"line":14,"column":0},"end":{"line":14,"column":26}},"14":{"start":{"line":15,"column":0},"end":{"line":15,"column":30}},"15":{"start":{"line":16,"column":0},"end":{"line":16,"column":4}},"16":{"start":{"line":17,"column":0},"end":{"line":17,"column":0}},"17":{"start":{"line":18,"column":0},"end":{"line":18,"column":19}},"18":{"start":{"line":19,"column":0},"end":{"line":19,"column":8}},"19":{"start":{"line":20,"column":0},"end":{"line":20,"column":9}},"20":{"start":{"line":21,"column":0},"end":{"line":21,"column":7}},"21":{"start":{"line":22,"column":0},"end":{"line":22,"column":3}}},"s":{"0":1,"1":1,"2":1,"3":1,"4":1,"5":1,"6":1,"7":1,"8":1,"9":1,"10":1,"11":1,"12":1,"13":1,"14":1,"15":1,"16":1,"17":1,"18":1,"19":1,"20":1,"21":1},"branchMap":{},"b":{},"fnMap":{},"f":{}}
,"/Users/liaowenduo/npm-packages-demo/jest-demo/src/matchers/toHaveBeenCalled.js": {"path":"/Users/liaowenduo/npm-packages-demo/jest-demo/src/matchers/toHaveBeenCalled.js","all":false,"statementMap":{"0":{"start":{"line":1,"column":0},"end":{"line":1,"column":55}},"1":{"start":{"line":2,"column":0},"end":{"line":2,"column":32}},"2":{"start":{"line":3,"column":0},"end":{"line":3,"column":24}},"3":{"start":{"line":4,"column":0},"end":{"line":4,"column":5}},"4":{"start":{"line":5,"column":0},"end":{"line":5,"column":3}}},"s":{"0":1,"1":4,"2":2,"3":2,"4":4},"branchMap":{"0":{"type":"branch","line":1,"loc":{"start":{"line":1,"column":17},"end":{"line":5,"column":3}},"locations":[{"start":{"line":1,"column":17},"end":{"line":5,"column":3}}]},"1":{"type":"branch","line":2,"loc":{"start":{"line":2,"column":31},"end":{"line":4,"column":5}},"locations":[{"start":{"line":2,"column":31},"end":{"line":4,"column":5}}]}},"b":{"0":[4],"1":[2]},"fnMap":{"0":{"name":"drinkAll","decl":{"start":{"line":1,"column":17},"end":{"line":5,"column":3}},"loc":{"start":{"line":1,"column":17},"end":{"line":5,"column":3}},"line":1}},"f":{"0":4}}
,"/Users/liaowenduo/npm-packages-demo/jest-demo/src/matchers/toHaveBeenCalledTimes.js": {"path":"/Users/liaowenduo/npm-packages-demo/jest-demo/src/matchers/toHaveBeenCalledTimes.js","all":false,"statementMap":{"0":{"start":{"line":1,"column":0},"end":{"line":1,"column":56}},"1":{"start":{"line":2,"column":0},"end":{"line":2,"column":35}},"2":{"start":{"line":3,"column":0},"end":{"line":3,"column":19}},"3":{"start":{"line":4,"column":0},"end":{"line":4,"column":5}},"4":{"start":{"line":5,"column":0},"end":{"line":5,"column":1}}},"s":{"0":1,"1":1,"2":2,"3":2,"4":1},"branchMap":{"0":{"type":"branch","line":1,"loc":{"start":{"line":1,"column":17},"end":{"line":5,"column":1}},"locations":[{"start":{"line":1,"column":17},"end":{"line":5,"column":1}}]},"1":{"type":"branch","line":2,"loc":{"start":{"line":2,"column":34},"end":{"line":4,"column":5}},"locations":[{"start":{"line":2,"column":34},"end":{"line":4,"column":5}}]}},"b":{"0":[1],"1":[2]},"fnMap":{"0":{"name":"drinkEach","decl":{"start":{"line":1,"column":17},"end":{"line":5,"column":1}},"loc":{"start":{"line":1,"column":17},"end":{"line":5,"column":1}},"line":1}},"f":{"0":1}}
,"/Users/liaowenduo/npm-packages-demo/jest-demo/src/matchers/toHaveBeenCalledWith.js": {"path":"/Users/liaowenduo/npm-packages-demo/jest-demo/src/matchers/toHaveBeenCalledWith.js","all":false,"statementMap":{"0":{"start":{"line":1,"column":0},"end":{"line":1,"column":35}}},"s":{"0":1},"branchMap":{},"b":{},"fnMap":{},"f":{}}
}
