TN:
SF:src/sum.js
FN:1,sum
FNF:1
FNH:1
FNDA:1,sum
DA:1,1
DA:2,1
DA:3,1
DA:4,1
DA:5,1
LF:5
LH:5
BRDA:1,0,0,1
BRF:1
BRH:1
end_of_record
TN:
SF:src/expect/index.js
FN:2,bestLaCroixFlavor
FNF:1
FNH:1
FNDA:2,bestLaCroixFlavor
DA:1,1
DA:2,1
DA:3,1
LF:3
LH:3
BRDA:2,0,0,2
BRF:1
BRH:1
end_of_record
TN:
SF:src/matchers/toBe.js
FNF:0
FNH:0
DA:1,1
DA:2,1
DA:3,1
DA:4,1
DA:5,1
DA:6,1
DA:7,1
DA:8,1
DA:9,1
DA:10,1
DA:11,1
DA:12,1
DA:13,1
DA:14,1
DA:15,1
DA:16,1
DA:17,1
DA:18,1
DA:19,1
DA:20,1
DA:21,1
DA:22,1
LF:22
LH:22
BRF:0
BRH:0
end_of_record
TN:
SF:src/matchers/toHaveBeenCalled.js
FN:1,drinkAll
FNF:1
FNH:1
FNDA:4,drinkAll
DA:1,1
DA:2,4
DA:3,2
DA:4,2
DA:5,4
LF:5
LH:5
BRDA:1,0,0,4
BRDA:2,1,0,2
BRF:2
BRH:2
end_of_record
TN:
SF:src/matchers/toHaveBeenCalledTimes.js
FN:1,drinkEach
FNF:1
FNH:1
FNDA:1,drinkEach
DA:1,1
DA:2,1
DA:3,2
DA:4,2
DA:5,1
LF:5
LH:5
BRDA:1,0,0,1
BRDA:2,1,0,2
BRF:2
BRH:2
end_of_record
TN:
SF:src/matchers/toHaveBeenCalledWith.js
FNF:0
FNH:0
DA:1,1
LF:1
LH:1
BRF:0
BRH:0
end_of_record
